<?xml version="1.0" encoding="UTF-8" standalone="yes" ?>
<test-results name="C:\Users\José Renan Faria\OneDrive\PROJETOS\ConversorTextos\ConversorTexto\Win32\Debug\ConversorTextoTestes.exe" total="3" errors="0" failures="0" ignored="0" inconclusive="0" not-run="0" skipped="0" invalid="0" date="2019-11-25" time="0.017">
  <culture-info current-culture="en" current-uiculture="en" />
  <test-suite type="Assembly" name="ConversorTextoTestes.exe" executed="true" result="Success" success="True" time="0.017" asserts="0">
    <results>
        <test-suite type="Namespace" name="ConversorTextoTestes" executed="true" result="Success" success="True" time="0.001" asserts="0" >
          <results>
              <test-suite type="Fixture" name="TConvertePrimeiraMaiusculaTeste" executed="True" result="Success" success="True" time="0.001" >
                <results>
                  <test-case name="TestePrimeiraMaiusculaString" executed="True" result="Success" success="True" time="0.000" asserts="0" />
                </results>
              </test-suite>
              <test-suite type="Fixture" name="TConverteOrdenadoTeste" executed="True" result="Success" success="True" time="0.001" >
                <results>
                  <test-case name="TesteOrdenarLetrasString" executed="True" result="Success" success="True" time="0.000" asserts="0" />
                </results>
              </test-suite>
              <test-suite type="Fixture" name="TConverteInvertidoTeste" executed="True" result="Success" success="True" time="0.000" >
                <results>
                  <test-case name="TesteInverterString" executed="True" result="Success" success="True" time="0.000" asserts="0" />
                </results>
              </test-suite>
          </results>
        </test-suite>
    </results>
  </test-suite>
</test-results>
